{"C:\\Users\\Sam\\Desktop\\HCIM Database\\frontend\\src\\assets\\ActivityIcons.ts": {"path":"C:\\Users\\Sam\\Desktop\\HCIM Database\\frontend\\src\\assets\\ActivityIcons.ts","statementMap":{"0":{"start":{"line":93,"column":29},"end":{"line":185,"column":null}}},"fnMap":{},"branchMap":{},"s":{"0":3},"f":{},"b":{},"meta":{"lastBranch":0,"lastFunction":0,"lastStatement":1,"seen":{"s:93:29:185:Infinity":0},"fnNames":{}}}
,"C:\\Users\\Sam\\Desktop\\HCIM Database\\frontend\\src\\assets\\cardInfo_Background.png": {"path":"C:\\Users\\Sam\\Desktop\\HCIM Database\\frontend\\src\\assets\\cardInfo_Background.png","statementMap":{},"fnMap":{},"branchMap":{},"s":{},"f":{},"b":{},"meta":{"lastBranch":0,"lastFunction":0,"lastStatement":0,"seen":{},"fnNames":{}}}
,"C:\\Users\\Sam\\Desktop\\HCIM Database\\frontend\\src\\assets\\dialogBackground.png": {"path":"C:\\Users\\Sam\\Desktop\\HCIM Database\\frontend\\src\\assets\\dialogBackground.png","statementMap":{},"fnMap":{},"branchMap":{},"s":{},"f":{},"b":{},"meta":{"lastBranch":0,"lastFunction":0,"lastStatement":0,"seen":{},"fnNames":{}}}
,"C:\\Users\\Sam\\Desktop\\HCIM Database\\frontend\\src\\assets\\skillIcons.ts": {"path":"C:\\Users\\Sam\\Desktop\\HCIM Database\\frontend\\src\\assets\\skillIcons.ts","statementMap":{"0":{"start":{"line":27,"column":26},"end":{"line":53,"column":null}}},"fnMap":{},"branchMap":{},"s":{"0":3},"f":{},"b":{},"meta":{"lastBranch":0,"lastFunction":0,"lastStatement":1,"seen":{"s:27:26:53:Infinity":0},"fnNames":{}}}
,"C:\\Users\\Sam\\Desktop\\HCIM Database\\frontend\\src\\assets\\skillTileBackground.png": {"path":"C:\\Users\\Sam\\Desktop\\HCIM Database\\frontend\\src\\assets\\skillTileBackground.png","statementMap":{},"fnMap":{},"branchMap":{},"s":{},"f":{},"b":{},"meta":{"lastBranch":0,"lastFunction":0,"lastStatement":0,"seen":{},"fnNames":{}}}
,"C:\\Users\\Sam\\Desktop\\HCIM Database\\frontend\\src\\assets\\stats.png": {"path":"C:\\Users\\Sam\\Desktop\\HCIM Database\\frontend\\src\\assets\\stats.png","statementMap":{},"fnMap":{},"branchMap":{},"s":{},"f":{},"b":{},"meta":{"lastBranch":0,"lastFunction":0,"lastStatement":0,"seen":{},"fnNames":{}}}
,"C:\\Users\\Sam\\Desktop\\HCIM Database\\frontend\\src\\assets\\Activity_Icons\\Abyssal_Sire_icon.png": {"path":"C:\\Users\\Sam\\Desktop\\HCIM Database\\frontend\\src\\assets\\Activity_Icons\\Abyssal_Sire_icon.png","statementMap":{},"fnMap":{},"branchMap":{},"s":{},"f":{},"b":{},"meta":{"lastBranch":0,"lastFunction":0,"lastStatement":0,"seen":{},"fnNames":{}}}
,"C:\\Users\\Sam\\Desktop\\HCIM Database\\frontend\\src\\assets\\Activity_Icons\\Alchemical_Hydra_icon.png": {"path":"C:\\Users\\Sam\\Desktop\\HCIM Database\\frontend\\src\\assets\\Activity_Icons\\Alchemical_Hydra_icon.png","statementMap":{},"fnMap":{},"branchMap":{},"s":{},"f":{},"b":{},"meta":{"lastBranch":0,"lastFunction":0,"lastStatement":0,"seen":{},"fnNames":{}}}
,"C:\\Users\\Sam\\Desktop\\HCIM Database\\frontend\\src\\assets\\Activity_Icons\\Amoxliatl_icon.png": {"path":"C:\\Users\\Sam\\Desktop\\HCIM Database\\frontend\\src\\assets\\Activity_Icons\\Amoxliatl_icon.png","statementMap":{},"fnMap":{},"branchMap":{},"s":{},"f":{},"b":{},"meta":{"lastBranch":0,"lastFunction":0,"lastStatement":0,"seen":{},"fnNames":{}}}
,"C:\\Users\\Sam\\Desktop\\HCIM Database\\frontend\\src\\assets\\Activity_Icons\\Araxxor_icon.png": {"path":"C:\\Users\\Sam\\Desktop\\HCIM Database\\frontend\\src\\assets\\Activity_Icons\\Araxxor_icon.png","statementMap":{},"fnMap":{},"branchMap":{},"s":{},"f":{},"b":{},"meta":{"lastBranch":0,"lastFunction":0,"lastStatement":0,"seen":{},"fnNames":{}}}
,"C:\\Users\\Sam\\Desktop\\HCIM Database\\frontend\\src\\assets\\Activity_Icons\\Artio_icon.png": {"path":"C:\\Users\\Sam\\Desktop\\HCIM Database\\frontend\\src\\assets\\Activity_Icons\\Artio_icon.png","statementMap":{},"fnMap":{},"branchMap":{},"s":{},"f":{},"b":{},"meta":{"lastBranch":0,"lastFunction":0,"lastStatement":0,"seen":{},"fnNames":{}}}
,"C:\\Users\\Sam\\Desktop\\HCIM Database\\frontend\\src\\assets\\Activity_Icons\\Barrows_Chests_icon.png": {"path":"C:\\Users\\Sam\\Desktop\\HCIM Database\\frontend\\src\\assets\\Activity_Icons\\Barrows_Chests_icon.png","statementMap":{},"fnMap":{},"branchMap":{},"s":{},"f":{},"b":{},"meta":{"lastBranch":0,"lastFunction":0,"lastStatement":0,"seen":{},"fnNames":{}}}
,"C:\\Users\\Sam\\Desktop\\HCIM Database\\frontend\\src\\assets\\Activity_Icons\\Bounty_Hunter_(Legacy)_-_Hunter_icon.png": {"path":"C:\\Users\\Sam\\Desktop\\HCIM Database\\frontend\\src\\assets\\Activity_Icons\\Bounty_Hunter_(Legacy)_-_Hunter_icon.png","statementMap":{},"fnMap":{},"branchMap":{},"s":{},"f":{},"b":{},"meta":{"lastBranch":0,"lastFunction":0,"lastStatement":0,"seen":{},"fnNames":{}}}
,"C:\\Users\\Sam\\Desktop\\HCIM Database\\frontend\\src\\assets\\Activity_Icons\\Bounty_Hunter_(Legacy)_-_Rogue_icon.png": {"path":"C:\\Users\\Sam\\Desktop\\HCIM Database\\frontend\\src\\assets\\Activity_Icons\\Bounty_Hunter_(Legacy)_-_Rogue_icon.png","statementMap":{},"fnMap":{},"branchMap":{},"s":{},"f":{},"b":{},"meta":{"lastBranch":0,"lastFunction":0,"lastStatement":0,"seen":{},"fnNames":{}}}
,"C:\\Users\\Sam\\Desktop\\HCIM Database\\frontend\\src\\assets\\Activity_Icons\\Bounty_Hunter_-_Hunter_icon.png": {"path":"C:\\Users\\Sam\\Desktop\\HCIM Database\\frontend\\src\\assets\\Activity_Icons\\Bounty_Hunter_-_Hunter_icon.png","statementMap":{},"fnMap":{},"branchMap":{},"s":{},"f":{},"b":{},"meta":{"lastBranch":0,"lastFunction":0,"lastStatement":0,"seen":{},"fnNames":{}}}
,"C:\\Users\\Sam\\Desktop\\HCIM Database\\frontend\\src\\assets\\Activity_Icons\\Bounty_Hunter_-_Rogue_icon.png": {"path":"C:\\Users\\Sam\\Desktop\\HCIM Database\\frontend\\src\\assets\\Activity_Icons\\Bounty_Hunter_-_Rogue_icon.png","statementMap":{},"fnMap":{},"branchMap":{},"s":{},"f":{},"b":{},"meta":{"lastBranch":0,"lastFunction":0,"lastStatement":0,"seen":{},"fnNames":{}}}
,"C:\\Users\\Sam\\Desktop\\HCIM Database\\frontend\\src\\assets\\Activity_Icons\\Brutus_icon.png": {"path":"C:\\Users\\Sam\\Desktop\\HCIM Database\\frontend\\src\\assets\\Activity_Icons\\Brutus_icon.png","statementMap":{},"fnMap":{},"branchMap":{},"s":{},"f":{},"b":{},"meta":{"lastBranch":0,"lastFunction":0,"lastStatement":0,"seen":{},"fnNames":{}}}
,"C:\\Users\\Sam\\Desktop\\HCIM Database\\frontend\\src\\assets\\Activity_Icons\\Bryophyta_icon.png": {"path":"C:\\Users\\Sam\\Desktop\\HCIM Database\\frontend\\src\\assets\\Activity_Icons\\Bryophyta_icon.png","statementMap":{},"fnMap":{},"branchMap":{},"s":{},"f":{},"b":{},"meta":{"lastBranch":0,"lastFunction":0,"lastStatement":0,"seen":{},"fnNames":{}}}
,"C:\\Users\\Sam\\Desktop\\HCIM Database\\frontend\\src\\assets\\Activity_Icons\\Callisto_icon.png": {"path":"C:\\Users\\Sam\\Desktop\\HCIM Database\\frontend\\src\\assets\\Activity_Icons\\Callisto_icon.png","statementMap":{},"fnMap":{},"branchMap":{},"s":{},"f":{},"b":{},"meta":{"lastBranch":0,"lastFunction":0,"lastStatement":0,"seen":{},"fnNames":{}}}
,"C:\\Users\\Sam\\Desktop\\HCIM Database\\frontend\\src\\assets\\Activity_Icons\\Calvar'ion_icon.png": {"path":"C:\\Users\\Sam\\Desktop\\HCIM Database\\frontend\\src\\assets\\Activity_Icons\\Calvar'ion_icon.png","statementMap":{},"fnMap":{},"branchMap":{},"s":{},"f":{},"b":{},"meta":{"lastBranch":0,"lastFunction":0,"lastStatement":0,"seen":{},"fnNames":{}}}
,"C:\\Users\\Sam\\Desktop\\HCIM Database\\frontend\\src\\assets\\Activity_Icons\\Cerberus_icon.png": {"path":"C:\\Users\\Sam\\Desktop\\HCIM Database\\frontend\\src\\assets\\Activity_Icons\\Cerberus_icon.png","statementMap":{},"fnMap":{},"branchMap":{},"s":{},"f":{},"b":{},"meta":{"lastBranch":0,"lastFunction":0,"lastStatement":0,"seen":{},"fnNames":{}}}
,"C:\\Users\\Sam\\Desktop\\HCIM Database\\frontend\\src\\assets\\Activity_Icons\\Chambers_of_Xeric_Challenge_Mode_icon.png": {"path":"C:\\Users\\Sam\\Desktop\\HCIM Database\\frontend\\src\\assets\\Activity_Icons\\Chambers_of_Xeric_Challenge_Mode_icon.png","statementMap":{},"fnMap":{},"branchMap":{},"s":{},"f":{},"b":{},"meta":{"lastBranch":0,"lastFunction":0,"lastStatement":0,"seen":{},"fnNames":{}}}
,"C:\\Users\\Sam\\Desktop\\HCIM Database\\frontend\\src\\assets\\Activity_Icons\\Chambers_of_Xeric_icon.png": {"path":"C:\\Users\\Sam\\Desktop\\HCIM Database\\frontend\\src\\assets\\Activity_Icons\\Chambers_of_Xeric_icon.png","statementMap":{},"fnMap":{},"branchMap":{},"s":{},"f":{},"b":{},"meta":{"lastBranch":0,"lastFunction":0,"lastStatement":0,"seen":{},"fnNames":{}}}
,"C:\\Users\\Sam\\Desktop\\HCIM Database\\frontend\\src\\assets\\Activity_Icons\\Chaos_Elemental_icon.png": {"path":"C:\\Users\\Sam\\Desktop\\HCIM Database\\frontend\\src\\assets\\Activity_Icons\\Chaos_Elemental_icon.png","statementMap":{},"fnMap":{},"branchMap":{},"s":{},"f":{},"b":{},"meta":{"lastBranch":0,"lastFunction":0,"lastStatement":0,"seen":{},"fnNames":{}}}
,"C:\\Users\\Sam\\Desktop\\HCIM Database\\frontend\\src\\assets\\Activity_Icons\\Chaos_Fanatic_icon.png": {"path":"C:\\Users\\Sam\\Desktop\\HCIM Database\\frontend\\src\\assets\\Activity_Icons\\Chaos_Fanatic_icon.png","statementMap":{},"fnMap":{},"branchMap":{},"s":{},"f":{},"b":{},"meta":{"lastBranch":0,"lastFunction":0,"lastStatement":0,"seen":{},"fnNames":{}}}
,"C:\\Users\\Sam\\Desktop\\HCIM Database\\frontend\\src\\assets\\Activity_Icons\\Clue_Scrolls_(all)_icon.png": {"path":"C:\\Users\\Sam\\Desktop\\HCIM Database\\frontend\\src\\assets\\Activity_Icons\\Clue_Scrolls_(all)_icon.png","statementMap":{},"fnMap":{},"branchMap":{},"s":{},"f":{},"b":{},"meta":{"lastBranch":0,"lastFunction":0,"lastStatement":0,"seen":{},"fnNames":{}}}
,"C:\\Users\\Sam\\Desktop\\HCIM Database\\frontend\\src\\assets\\Activity_Icons\\Clue_Scrolls_(beginner)_icon.png": {"path":"C:\\Users\\Sam\\Desktop\\HCIM Database\\frontend\\src\\assets\\Activity_Icons\\Clue_Scrolls_(beginner)_icon.png","statementMap":{},"fnMap":{},"branchMap":{},"s":{},"f":{},"b":{},"meta":{"lastBranch":0,"lastFunction":0,"lastStatement":0,"seen":{},"fnNames":{}}}
,"C:\\Users\\Sam\\Desktop\\HCIM Database\\frontend\\src\\assets\\Activity_Icons\\Clue_Scrolls_(easy)_icon.png": {"path":"C:\\Users\\Sam\\Desktop\\HCIM Database\\frontend\\src\\assets\\Activity_Icons\\Clue_Scrolls_(easy)_icon.png","statementMap":{},"fnMap":{},"branchMap":{},"s":{},"f":{},"b":{},"meta":{"lastBranch":0,"lastFunction":0,"lastStatement":0,"seen":{},"fnNames":{}}}
,"C:\\Users\\Sam\\Desktop\\HCIM Database\\frontend\\src\\assets\\Activity_Icons\\Clue_Scrolls_(elite)_icon.png": {"path":"C:\\Users\\Sam\\Desktop\\HCIM Database\\frontend\\src\\assets\\Activity_Icons\\Clue_Scrolls_(elite)_icon.png","statementMap":{},"fnMap":{},"branchMap":{},"s":{},"f":{},"b":{},"meta":{"lastBranch":0,"lastFunction":0,"lastStatement":0,"seen":{},"fnNames":{}}}
,"C:\\Users\\Sam\\Desktop\\HCIM Database\\frontend\\src\\assets\\Activity_Icons\\Clue_Scrolls_(hard)_icon.png": {"path":"C:\\Users\\Sam\\Desktop\\HCIM Database\\frontend\\src\\assets\\Activity_Icons\\Clue_Scrolls_(hard)_icon.png","statementMap":{},"fnMap":{},"branchMap":{},"s":{},"f":{},"b":{},"meta":{"lastBranch":0,"lastFunction":0,"lastStatement":0,"seen":{},"fnNames":{}}}
,"C:\\Users\\Sam\\Desktop\\HCIM Database\\frontend\\src\\assets\\Activity_Icons\\Clue_Scrolls_(master)_icon.png": {"path":"C:\\Users\\Sam\\Desktop\\HCIM Database\\frontend\\src\\assets\\Activity_Icons\\Clue_Scrolls_(master)_icon.png","statementMap":{},"fnMap":{},"branchMap":{},"s":{},"f":{},"b":{},"meta":{"lastBranch":0,"lastFunction":0,"lastStatement":0,"seen":{},"fnNames":{}}}
,"C:\\Users\\Sam\\Desktop\\HCIM Database\\frontend\\src\\assets\\Activity_Icons\\Clue_Scrolls_(medium)_icon.png": {"path":"C:\\Users\\Sam\\Desktop\\HCIM Database\\frontend\\src\\assets\\Activity_Icons\\Clue_Scrolls_(medium)_icon.png","statementMap":{},"fnMap":{},"branchMap":{},"s":{},"f":{},"b":{},"meta":{"lastBranch":0,"lastFunction":0,"lastStatement":0,"seen":{},"fnNames":{}}}
,"C:\\Users\\Sam\\Desktop\\HCIM Database\\frontend\\src\\assets\\Activity_Icons\\Collections_Logged_icon.png": {"path":"C:\\Users\\Sam\\Desktop\\HCIM Database\\frontend\\src\\assets\\Activity_Icons\\Collections_Logged_icon.png","statementMap":{},"fnMap":{},"branchMap":{},"s":{},"f":{},"b":{},"meta":{"lastBranch":0,"lastFunction":0,"lastStatement":0,"seen":{},"fnNames":{}}}
,"C:\\Users\\Sam\\Desktop\\HCIM Database\\frontend\\src\\assets\\Activity_Icons\\Colosseum_Glory_icon.png": {"path":"C:\\Users\\Sam\\Desktop\\HCIM Database\\frontend\\src\\assets\\Activity_Icons\\Colosseum_Glory_icon.png","statementMap":{},"fnMap":{},"branchMap":{},"s":{},"f":{},"b":{},"meta":{"lastBranch":0,"lastFunction":0,"lastStatement":0,"seen":{},"fnNames":{}}}
,"C:\\Users\\Sam\\Desktop\\HCIM Database\\frontend\\src\\assets\\Activity_Icons\\Commander_Zilyana_icon.png": {"path":"C:\\Users\\Sam\\Desktop\\HCIM Database\\frontend\\src\\assets\\Activity_Icons\\Commander_Zilyana_icon.png","statementMap":{},"fnMap":{},"branchMap":{},"s":{},"f":{},"b":{},"meta":{"lastBranch":0,"lastFunction":0,"lastStatement":0,"seen":{},"fnNames":{}}}
,"C:\\Users\\Sam\\Desktop\\HCIM Database\\frontend\\src\\assets\\Activity_Icons\\Corporeal_Beast_icon.png": {"path":"C:\\Users\\Sam\\Desktop\\HCIM Database\\frontend\\src\\assets\\Activity_Icons\\Corporeal_Beast_icon.png","statementMap":{},"fnMap":{},"branchMap":{},"s":{},"f":{},"b":{},"meta":{"lastBranch":0,"lastFunction":0,"lastStatement":0,"seen":{},"fnNames":{}}}
,"C:\\Users\\Sam\\Desktop\\HCIM Database\\frontend\\src\\assets\\Activity_Icons\\Crazy_Archaeologist_icon.png": {"path":"C:\\Users\\Sam\\Desktop\\HCIM Database\\frontend\\src\\assets\\Activity_Icons\\Crazy_Archaeologist_icon.png","statementMap":{},"fnMap":{},"branchMap":{},"s":{},"f":{},"b":{},"meta":{"lastBranch":0,"lastFunction":0,"lastStatement":0,"seen":{},"fnNames":{}}}
,"C:\\Users\\Sam\\Desktop\\HCIM Database\\frontend\\src\\assets\\Activity_Icons\\Dagannoth_Prime_icon.png": {"path":"C:\\Users\\Sam\\Desktop\\HCIM Database\\frontend\\src\\assets\\Activity_Icons\\Dagannoth_Prime_icon.png","statementMap":{},"fnMap":{},"branchMap":{},"s":{},"f":{},"b":{},"meta":{"lastBranch":0,"lastFunction":0,"lastStatement":0,"seen":{},"fnNames":{}}}
,"C:\\Users\\Sam\\Desktop\\HCIM Database\\frontend\\src\\assets\\Activity_Icons\\Dagannoth_Rex_icon.png": {"path":"C:\\Users\\Sam\\Desktop\\HCIM Database\\frontend\\src\\assets\\Activity_Icons\\Dagannoth_Rex_icon.png","statementMap":{},"fnMap":{},"branchMap":{},"s":{},"f":{},"b":{},"meta":{"lastBranch":0,"lastFunction":0,"lastStatement":0,"seen":{},"fnNames":{}}}
,"C:\\Users\\Sam\\Desktop\\HCIM Database\\frontend\\src\\assets\\Activity_Icons\\Dagannoth_Supreme_icon.png": {"path":"C:\\Users\\Sam\\Desktop\\HCIM Database\\frontend\\src\\assets\\Activity_Icons\\Dagannoth_Supreme_icon.png","statementMap":{},"fnMap":{},"branchMap":{},"s":{},"f":{},"b":{},"meta":{"lastBranch":0,"lastFunction":0,"lastStatement":0,"seen":{},"fnNames":{}}}
,"C:\\Users\\Sam\\Desktop\\HCIM Database\\frontend\\src\\assets\\Activity_Icons\\Deadman_Points_icon.png": {"path":"C:\\Users\\Sam\\Desktop\\HCIM Database\\frontend\\src\\assets\\Activity_Icons\\Deadman_Points_icon.png","statementMap":{},"fnMap":{},"branchMap":{},"s":{},"f":{},"b":{},"meta":{"lastBranch":0,"lastFunction":0,"lastStatement":0,"seen":{},"fnNames":{}}}
,"C:\\Users\\Sam\\Desktop\\HCIM Database\\frontend\\src\\assets\\Activity_Icons\\Deranged_Archaeologist_icon.png": {"path":"C:\\Users\\Sam\\Desktop\\HCIM Database\\frontend\\src\\assets\\Activity_Icons\\Deranged_Archaeologist_icon.png","statementMap":{},"fnMap":{},"branchMap":{},"s":{},"f":{},"b":{},"meta":{"lastBranch":0,"lastFunction":0,"lastStatement":0,"seen":{},"fnNames":{}}}
,"C:\\Users\\Sam\\Desktop\\HCIM Database\\frontend\\src\\assets\\Activity_Icons\\Doom_of_Mokhaiotl_icon.png": {"path":"C:\\Users\\Sam\\Desktop\\HCIM Database\\frontend\\src\\assets\\Activity_Icons\\Doom_of_Mokhaiotl_icon.png","statementMap":{},"fnMap":{},"branchMap":{},"s":{},"f":{},"b":{},"meta":{"lastBranch":0,"lastFunction":0,"lastStatement":0,"seen":{},"fnNames":{}}}
,"C:\\Users\\Sam\\Desktop\\HCIM Database\\frontend\\src\\assets\\Activity_Icons\\Duke_Sucellus_icon.png": {"path":"C:\\Users\\Sam\\Desktop\\HCIM Database\\frontend\\src\\assets\\Activity_Icons\\Duke_Sucellus_icon.png","statementMap":{},"fnMap":{},"branchMap":{},"s":{},"f":{},"b":{},"meta":{"lastBranch":0,"lastFunction":0,"lastStatement":0,"seen":{},"fnNames":{}}}
,"C:\\Users\\Sam\\Desktop\\HCIM Database\\frontend\\src\\assets\\Activity_Icons\\General_Graardor_icon.png": {"path":"C:\\Users\\Sam\\Desktop\\HCIM Database\\frontend\\src\\assets\\Activity_Icons\\General_Graardor_icon.png","statementMap":{},"fnMap":{},"branchMap":{},"s":{},"f":{},"b":{},"meta":{"lastBranch":0,"lastFunction":0,"lastStatement":0,"seen":{},"fnNames":{}}}
,"C:\\Users\\Sam\\Desktop\\HCIM Database\\frontend\\src\\assets\\Activity_Icons\\Giant_Mole_icon.png": {"path":"C:\\Users\\Sam\\Desktop\\HCIM Database\\frontend\\src\\assets\\Activity_Icons\\Giant_Mole_icon.png","statementMap":{},"fnMap":{},"branchMap":{},"s":{},"f":{},"b":{},"meta":{"lastBranch":0,"lastFunction":0,"lastStatement":0,"seen":{},"fnNames":{}}}
,"C:\\Users\\Sam\\Desktop\\HCIM Database\\frontend\\src\\assets\\Activity_Icons\\Grid_Points_icon.png": {"path":"C:\\Users\\Sam\\Desktop\\HCIM Database\\frontend\\src\\assets\\Activity_Icons\\Grid_Points_icon.png","statementMap":{},"fnMap":{},"branchMap":{},"s":{},"f":{},"b":{},"meta":{"lastBranch":0,"lastFunction":0,"lastStatement":0,"seen":{},"fnNames":{}}}
,"C:\\Users\\Sam\\Desktop\\HCIM Database\\frontend\\src\\assets\\Activity_Icons\\Grotesque_Guardians_icon.png": {"path":"C:\\Users\\Sam\\Desktop\\HCIM Database\\frontend\\src\\assets\\Activity_Icons\\Grotesque_Guardians_icon.png","statementMap":{},"fnMap":{},"branchMap":{},"s":{},"f":{},"b":{},"meta":{"lastBranch":0,"lastFunction":0,"lastStatement":0,"seen":{},"fnNames":{}}}
,"C:\\Users\\Sam\\Desktop\\HCIM Database\\frontend\\src\\assets\\Activity_Icons\\Hespori_icon.png": {"path":"C:\\Users\\Sam\\Desktop\\HCIM Database\\frontend\\src\\assets\\Activity_Icons\\Hespori_icon.png","statementMap":{},"fnMap":{},"branchMap":{},"s":{},"f":{},"b":{},"meta":{"lastBranch":0,"lastFunction":0,"lastStatement":0,"seen":{},"fnNames":{}}}
,"C:\\Users\\Sam\\Desktop\\HCIM Database\\frontend\\src\\assets\\Activity_Icons\\K'ril_Tsutsaroth_icon.png": {"path":"C:\\Users\\Sam\\Desktop\\HCIM Database\\frontend\\src\\assets\\Activity_Icons\\K'ril_Tsutsaroth_icon.png","statementMap":{},"fnMap":{},"branchMap":{},"s":{},"f":{},"b":{},"meta":{"lastBranch":0,"lastFunction":0,"lastStatement":0,"seen":{},"fnNames":{}}}
,"C:\\Users\\Sam\\Desktop\\HCIM Database\\frontend\\src\\assets\\Activity_Icons\\Kalphite_Queen_icon.png": {"path":"C:\\Users\\Sam\\Desktop\\HCIM Database\\frontend\\src\\assets\\Activity_Icons\\Kalphite_Queen_icon.png","statementMap":{},"fnMap":{},"branchMap":{},"s":{},"f":{},"b":{},"meta":{"lastBranch":0,"lastFunction":0,"lastStatement":0,"seen":{},"fnNames":{}}}
,"C:\\Users\\Sam\\Desktop\\HCIM Database\\frontend\\src\\assets\\Activity_Icons\\King_Black_Dragon_icon.png": {"path":"C:\\Users\\Sam\\Desktop\\HCIM Database\\frontend\\src\\assets\\Activity_Icons\\King_Black_Dragon_icon.png","statementMap":{},"fnMap":{},"branchMap":{},"s":{},"f":{},"b":{},"meta":{"lastBranch":0,"lastFunction":0,"lastStatement":0,"seen":{},"fnNames":{}}}
,"C:\\Users\\Sam\\Desktop\\HCIM Database\\frontend\\src\\assets\\Activity_Icons\\Kraken_icon.png": {"path":"C:\\Users\\Sam\\Desktop\\HCIM Database\\frontend\\src\\assets\\Activity_Icons\\Kraken_icon.png","statementMap":{},"fnMap":{},"branchMap":{},"s":{},"f":{},"b":{},"meta":{"lastBranch":0,"lastFunction":0,"lastStatement":0,"seen":{},"fnNames":{}}}
,"C:\\Users\\Sam\\Desktop\\HCIM Database\\frontend\\src\\assets\\Activity_Icons\\Kree'Arra_icon.png": {"path":"C:\\Users\\Sam\\Desktop\\HCIM Database\\frontend\\src\\assets\\Activity_Icons\\Kree'Arra_icon.png","statementMap":{},"fnMap":{},"branchMap":{},"s":{},"f":{},"b":{},"meta":{"lastBranch":0,"lastFunction":0,"lastStatement":0,"seen":{},"fnNames":{}}}
,"C:\\Users\\Sam\\Desktop\\HCIM Database\\frontend\\src\\assets\\Activity_Icons\\LMS_-_Rank_icon.png": {"path":"C:\\Users\\Sam\\Desktop\\HCIM Database\\frontend\\src\\assets\\Activity_Icons\\LMS_-_Rank_icon.png","statementMap":{},"fnMap":{},"branchMap":{},"s":{},"f":{},"b":{},"meta":{"lastBranch":0,"lastFunction":0,"lastStatement":0,"seen":{},"fnNames":{}}}
,"C:\\Users\\Sam\\Desktop\\HCIM Database\\frontend\\src\\assets\\Activity_Icons\\League_Points_icon.png": {"path":"C:\\Users\\Sam\\Desktop\\HCIM Database\\frontend\\src\\assets\\Activity_Icons\\League_Points_icon.png","statementMap":{},"fnMap":{},"branchMap":{},"s":{},"f":{},"b":{},"meta":{"lastBranch":0,"lastFunction":0,"lastStatement":0,"seen":{},"fnNames":{}}}
,"C:\\Users\\Sam\\Desktop\\HCIM Database\\frontend\\src\\assets\\Activity_Icons\\Lunar_Chests_icon.png": {"path":"C:\\Users\\Sam\\Desktop\\HCIM Database\\frontend\\src\\assets\\Activity_Icons\\Lunar_Chests_icon.png","statementMap":{},"fnMap":{},"branchMap":{},"s":{},"f":{},"b":{},"meta":{"lastBranch":0,"lastFunction":0,"lastStatement":0,"seen":{},"fnNames":{}}}
,"C:\\Users\\Sam\\Desktop\\HCIM Database\\frontend\\src\\assets\\Activity_Icons\\Mad_Angel_icon.png": {"path":"C:\\Users\\Sam\\Desktop\\HCIM Database\\frontend\\src\\assets\\Activity_Icons\\Mad_Angel_icon.png","statementMap":{},"fnMap":{},"branchMap":{},"s":{},"f":{},"b":{},"meta":{"lastBranch":0,"lastFunction":0,"lastStatement":0,"seen":{},"fnNames":{}}}
,"C:\\Users\\Sam\\Desktop\\HCIM Database\\frontend\\src\\assets\\Activity_Icons\\Maggot_King_icon.png": {"path":"C:\\Users\\Sam\\Desktop\\HCIM Database\\frontend\\src\\assets\\Activity_Icons\\Maggot_King_icon.png","statementMap":{},"fnMap":{},"branchMap":{},"s":{},"f":{},"b":{},"meta":{"lastBranch":0,"lastFunction":0,"lastStatement":0,"seen":{},"fnNames":{}}}
,"C:\\Users\\Sam\\Desktop\\HCIM Database\\frontend\\src\\assets\\Activity_Icons\\Mimic_icon.png": {"path":"C:\\Users\\Sam\\Desktop\\HCIM Database\\frontend\\src\\assets\\Activity_Icons\\Mimic_icon.png","statementMap":{},"fnMap":{},"branchMap":{},"s":{},"f":{},"b":{},"meta":{"lastBranch":0,"lastFunction":0,"lastStatement":0,"seen":{},"fnNames":{}}}
,"C:\\Users\\Sam\\Desktop\\HCIM Database\\frontend\\src\\assets\\Activity_Icons\\Nex_icon.png": {"path":"C:\\Users\\Sam\\Desktop\\HCIM Database\\frontend\\src\\assets\\Activity_Icons\\Nex_icon.png","statementMap":{},"fnMap":{},"branchMap":{},"s":{},"f":{},"b":{},"meta":{"lastBranch":0,"lastFunction":0,"lastStatement":0,"seen":{},"fnNames":{}}}
,"C:\\Users\\Sam\\Desktop\\HCIM Database\\frontend\\src\\assets\\Activity_Icons\\Nightmare_icon.png": {"path":"C:\\Users\\Sam\\Desktop\\HCIM Database\\frontend\\src\\assets\\Activity_Icons\\Nightmare_icon.png","statementMap":{},"fnMap":{},"branchMap":{},"s":{},"f":{},"b":{},"meta":{"lastBranch":0,"lastFunction":0,"lastStatement":0,"seen":{},"fnNames":{}}}
,"C:\\Users\\Sam\\Desktop\\HCIM Database\\frontend\\src\\assets\\Activity_Icons\\Obor_icon.png": {"path":"C:\\Users\\Sam\\Desktop\\HCIM Database\\frontend\\src\\assets\\Activity_Icons\\Obor_icon.png","statementMap":{},"fnMap":{},"branchMap":{},"s":{},"f":{},"b":{},"meta":{"lastBranch":0,"lastFunction":0,"lastStatement":0,"seen":{},"fnNames":{}}}
,"C:\\Users\\Sam\\Desktop\\HCIM Database\\frontend\\src\\assets\\Activity_Icons\\Phantom_Muspah_icon.png": {"path":"C:\\Users\\Sam\\Desktop\\HCIM Database\\frontend\\src\\assets\\Activity_Icons\\Phantom_Muspah_icon.png","statementMap":{},"fnMap":{},"branchMap":{},"s":{},"f":{},"b":{},"meta":{"lastBranch":0,"lastFunction":0,"lastStatement":0,"seen":{},"fnNames":{}}}
,"C:\\Users\\Sam\\Desktop\\HCIM Database\\frontend\\src\\assets\\Activity_Icons\\Phosani's_Nightmare_icon.png": {"path":"C:\\Users\\Sam\\Desktop\\HCIM Database\\frontend\\src\\assets\\Activity_Icons\\Phosani's_Nightmare_icon.png","statementMap":{},"fnMap":{},"branchMap":{},"s":{},"f":{},"b":{},"meta":{"lastBranch":0,"lastFunction":0,"lastStatement":0,"seen":{},"fnNames":{}}}
,"C:\\Users\\Sam\\Desktop\\HCIM Database\\frontend\\src\\assets\\Activity_Icons\\PvP_Arena_-_Rank_icon.png": {"path":"C:\\Users\\Sam\\Desktop\\HCIM Database\\frontend\\src\\assets\\Activity_Icons\\PvP_Arena_-_Rank_icon.png","statementMap":{},"fnMap":{},"branchMap":{},"s":{},"f":{},"b":{},"meta":{"lastBranch":0,"lastFunction":0,"lastStatement":0,"seen":{},"fnNames":{}}}
,"C:\\Users\\Sam\\Desktop\\HCIM Database\\frontend\\src\\assets\\Activity_Icons\\Rifts_closed_icon.png": {"path":"C:\\Users\\Sam\\Desktop\\HCIM Database\\frontend\\src\\assets\\Activity_Icons\\Rifts_closed_icon.png","statementMap":{},"fnMap":{},"branchMap":{},"s":{},"f":{},"b":{},"meta":{"lastBranch":0,"lastFunction":0,"lastStatement":0,"seen":{},"fnNames":{}}}
,"C:\\Users\\Sam\\Desktop\\HCIM Database\\frontend\\src\\assets\\Activity_Icons\\Sarachnis_icon.png": {"path":"C:\\Users\\Sam\\Desktop\\HCIM Database\\frontend\\src\\assets\\Activity_Icons\\Sarachnis_icon.png","statementMap":{},"fnMap":{},"branchMap":{},"s":{},"f":{},"b":{},"meta":{"lastBranch":0,"lastFunction":0,"lastStatement":0,"seen":{},"fnNames":{}}}
,"C:\\Users\\Sam\\Desktop\\HCIM Database\\frontend\\src\\assets\\Activity_Icons\\Scorpia_icon.png": {"path":"C:\\Users\\Sam\\Desktop\\HCIM Database\\frontend\\src\\assets\\Activity_Icons\\Scorpia_icon.png","statementMap":{},"fnMap":{},"branchMap":{},"s":{},"f":{},"b":{},"meta":{"lastBranch":0,"lastFunction":0,"lastStatement":0,"seen":{},"fnNames":{}}}
,"C:\\Users\\Sam\\Desktop\\HCIM Database\\frontend\\src\\assets\\Activity_Icons\\Scurrius_icon.png": {"path":"C:\\Users\\Sam\\Desktop\\HCIM Database\\frontend\\src\\assets\\Activity_Icons\\Scurrius_icon.png","statementMap":{},"fnMap":{},"branchMap":{},"s":{},"f":{},"b":{},"meta":{"lastBranch":0,"lastFunction":0,"lastStatement":0,"seen":{},"fnNames":{}}}
,"C:\\Users\\Sam\\Desktop\\HCIM Database\\frontend\\src\\assets\\Activity_Icons\\Shellbane_Gryphon_icon.png": {"path":"C:\\Users\\Sam\\Desktop\\HCIM Database\\frontend\\src\\assets\\Activity_Icons\\Shellbane_Gryphon_icon.png","statementMap":{},"fnMap":{},"branchMap":{},"s":{},"f":{},"b":{},"meta":{"lastBranch":0,"lastFunction":0,"lastStatement":0,"seen":{},"fnNames":{}}}
,"C:\\Users\\Sam\\Desktop\\HCIM Database\\frontend\\src\\assets\\Activity_Icons\\Skotizo_icon.png": {"path":"C:\\Users\\Sam\\Desktop\\HCIM Database\\frontend\\src\\assets\\Activity_Icons\\Skotizo_icon.png","statementMap":{},"fnMap":{},"branchMap":{},"s":{},"f":{},"b":{},"meta":{"lastBranch":0,"lastFunction":0,"lastStatement":0,"seen":{},"fnNames":{}}}
,"C:\\Users\\Sam\\Desktop\\HCIM Database\\frontend\\src\\assets\\Activity_Icons\\Sol_Heredit_icon.png": {"path":"C:\\Users\\Sam\\Desktop\\HCIM Database\\frontend\\src\\assets\\Activity_Icons\\Sol_Heredit_icon.png","statementMap":{},"fnMap":{},"branchMap":{},"s":{},"f":{},"b":{},"meta":{"lastBranch":0,"lastFunction":0,"lastStatement":0,"seen":{},"fnNames":{}}}
,"C:\\Users\\Sam\\Desktop\\HCIM Database\\frontend\\src\\assets\\Activity_Icons\\Soul_Wars_Zeal_icon.png": {"path":"C:\\Users\\Sam\\Desktop\\HCIM Database\\frontend\\src\\assets\\Activity_Icons\\Soul_Wars_Zeal_icon.png","statementMap":{},"fnMap":{},"branchMap":{},"s":{},"f":{},"b":{},"meta":{"lastBranch":0,"lastFunction":0,"lastStatement":0,"seen":{},"fnNames":{}}}
,"C:\\Users\\Sam\\Desktop\\HCIM Database\\frontend\\src\\assets\\Activity_Icons\\Spindel_icon.png": {"path":"C:\\Users\\Sam\\Desktop\\HCIM Database\\frontend\\src\\assets\\Activity_Icons\\Spindel_icon.png","statementMap":{},"fnMap":{},"branchMap":{},"s":{},"f":{},"b":{},"meta":{"lastBranch":0,"lastFunction":0,"lastStatement":0,"seen":{},"fnNames":{}}}
,"C:\\Users\\Sam\\Desktop\\HCIM Database\\frontend\\src\\assets\\Activity_Icons\\Tempoross_icon.png": {"path":"C:\\Users\\Sam\\Desktop\\HCIM Database\\frontend\\src\\assets\\Activity_Icons\\Tempoross_icon.png","statementMap":{},"fnMap":{},"branchMap":{},"s":{},"f":{},"b":{},"meta":{"lastBranch":0,"lastFunction":0,"lastStatement":0,"seen":{},"fnNames":{}}}
,"C:\\Users\\Sam\\Desktop\\HCIM Database\\frontend\\src\\assets\\Activity_Icons\\The_Corrupted_Gauntlet_icon.png": {"path":"C:\\Users\\Sam\\Desktop\\HCIM Database\\frontend\\src\\assets\\Activity_Icons\\The_Corrupted_Gauntlet_icon.png","statementMap":{},"fnMap":{},"branchMap":{},"s":{},"f":{},"b":{},"meta":{"lastBranch":0,"lastFunction":0,"lastStatement":0,"seen":{},"fnNames":{}}}
,"C:\\Users\\Sam\\Desktop\\HCIM Database\\frontend\\src\\assets\\Activity_Icons\\The_Gauntlet_icon.png": {"path":"C:\\Users\\Sam\\Desktop\\HCIM Database\\frontend\\src\\assets\\Activity_Icons\\The_Gauntlet_icon.png","statementMap":{},"fnMap":{},"branchMap":{},"s":{},"f":{},"b":{},"meta":{"lastBranch":0,"lastFunction":0,"lastStatement":0,"seen":{},"fnNames":{}}}
,"C:\\Users\\Sam\\Desktop\\HCIM Database\\frontend\\src\\assets\\Activity_Icons\\The_Hueycoatl_icon.png": {"path":"C:\\Users\\Sam\\Desktop\\HCIM Database\\frontend\\src\\assets\\Activity_Icons\\The_Hueycoatl_icon.png","statementMap":{},"fnMap":{},"branchMap":{},"s":{},"f":{},"b":{},"meta":{"lastBranch":0,"lastFunction":0,"lastStatement":0,"seen":{},"fnNames":{}}}
,"C:\\Users\\Sam\\Desktop\\HCIM Database\\frontend\\src\\assets\\Activity_Icons\\The_Leviathan_icon.png": {"path":"C:\\Users\\Sam\\Desktop\\HCIM Database\\frontend\\src\\assets\\Activity_Icons\\The_Leviathan_icon.png","statementMap":{},"fnMap":{},"branchMap":{},"s":{},"f":{},"b":{},"meta":{"lastBranch":0,"lastFunction":0,"lastStatement":0,"seen":{},"fnNames":{}}}
,"C:\\Users\\Sam\\Desktop\\HCIM Database\\frontend\\src\\assets\\Activity_Icons\\The_Royal_Titans_icon.png": {"path":"C:\\Users\\Sam\\Desktop\\HCIM Database\\frontend\\src\\assets\\Activity_Icons\\The_Royal_Titans_icon.png","statementMap":{},"fnMap":{},"branchMap":{},"s":{},"f":{},"b":{},"meta":{"lastBranch":0,"lastFunction":0,"lastStatement":0,"seen":{},"fnNames":{}}}
,"C:\\Users\\Sam\\Desktop\\HCIM Database\\frontend\\src\\assets\\Activity_Icons\\The_Whisperer_icon.png": {"path":"C:\\Users\\Sam\\Desktop\\HCIM Database\\frontend\\src\\assets\\Activity_Icons\\The_Whisperer_icon.png","statementMap":{},"fnMap":{},"branchMap":{},"s":{},"f":{},"b":{},"meta":{"lastBranch":0,"lastFunction":0,"lastStatement":0,"seen":{},"fnNames":{}}}
,"C:\\Users\\Sam\\Desktop\\HCIM Database\\frontend\\src\\assets\\Activity_Icons\\Theatre_of_Blood_Hard_Mode_icon.png": {"path":"C:\\Users\\Sam\\Desktop\\HCIM Database\\frontend\\src\\assets\\Activity_Icons\\Theatre_of_Blood_Hard_Mode_icon.png","statementMap":{},"fnMap":{},"branchMap":{},"s":{},"f":{},"b":{},"meta":{"lastBranch":0,"lastFunction":0,"lastStatement":0,"seen":{},"fnNames":{}}}
,"C:\\Users\\Sam\\Desktop\\HCIM Database\\frontend\\src\\assets\\Activity_Icons\\Theatre_of_Blood_icon.png": {"path":"C:\\Users\\Sam\\Desktop\\HCIM Database\\frontend\\src\\assets\\Activity_Icons\\Theatre_of_Blood_icon.png","statementMap":{},"fnMap":{},"branchMap":{},"s":{},"f":{},"b":{},"meta":{"lastBranch":0,"lastFunction":0,"lastStatement":0,"seen":{},"fnNames":{}}}
,"C:\\Users\\Sam\\Desktop\\HCIM Database\\frontend\\src\\assets\\Activity_Icons\\Thermonuclear_Smoke_Devil_icon.png": {"path":"C:\\Users\\Sam\\Desktop\\HCIM Database\\frontend\\src\\assets\\Activity_Icons\\Thermonuclear_Smoke_Devil_icon.png","statementMap":{},"fnMap":{},"branchMap":{},"s":{},"f":{},"b":{},"meta":{"lastBranch":0,"lastFunction":0,"lastStatement":0,"seen":{},"fnNames":{}}}
,"C:\\Users\\Sam\\Desktop\\HCIM Database\\frontend\\src\\assets\\Activity_Icons\\Tombs_of_Amascut_Expert_Mode_icon.png": {"path":"C:\\Users\\Sam\\Desktop\\HCIM Database\\frontend\\src\\assets\\Activity_Icons\\Tombs_of_Amascut_Expert_Mode_icon.png","statementMap":{},"fnMap":{},"branchMap":{},"s":{},"f":{},"b":{},"meta":{"lastBranch":0,"lastFunction":0,"lastStatement":0,"seen":{},"fnNames":{}}}
,"C:\\Users\\Sam\\Desktop\\HCIM Database\\frontend\\src\\assets\\Activity_Icons\\Tombs_of_Amascut_icon.png": {"path":"C:\\Users\\Sam\\Desktop\\HCIM Database\\frontend\\src\\assets\\Activity_Icons\\Tombs_of_Amascut_icon.png","statementMap":{},"fnMap":{},"branchMap":{},"s":{},"f":{},"b":{},"meta":{"lastBranch":0,"lastFunction":0,"lastStatement":0,"seen":{},"fnNames":{}}}
,"C:\\Users\\Sam\\Desktop\\HCIM Database\\frontend\\src\\assets\\Activity_Icons\\TzKal-Zuk_icon.png": {"path":"C:\\Users\\Sam\\Desktop\\HCIM Database\\frontend\\src\\assets\\Activity_Icons\\TzKal-Zuk_icon.png","statementMap":{},"fnMap":{},"branchMap":{},"s":{},"f":{},"b":{},"meta":{"lastBranch":0,"lastFunction":0,"lastStatement":0,"seen":{},"fnNames":{}}}
,"C:\\Users\\Sam\\Desktop\\HCIM Database\\frontend\\src\\assets\\Activity_Icons\\TzTok-Jad_icon.png": {"path":"C:\\Users\\Sam\\Desktop\\HCIM Database\\frontend\\src\\assets\\Activity_Icons\\TzTok-Jad_icon.png","statementMap":{},"fnMap":{},"branchMap":{},"s":{},"f":{},"b":{},"meta":{"lastBranch":0,"lastFunction":0,"lastStatement":0,"seen":{},"fnNames":{}}}
,"C:\\Users\\Sam\\Desktop\\HCIM Database\\frontend\\src\\assets\\Activity_Icons\\Vardorvis_icon.png": {"path":"C:\\Users\\Sam\\Desktop\\HCIM Database\\frontend\\src\\assets\\Activity_Icons\\Vardorvis_icon.png","statementMap":{},"fnMap":{},"branchMap":{},"s":{},"f":{},"b":{},"meta":{"lastBranch":0,"lastFunction":0,"lastStatement":0,"seen":{},"fnNames":{}}}
,"C:\\Users\\Sam\\Desktop\\HCIM Database\\frontend\\src\\assets\\Activity_Icons\\Venenatis_icon.png": {"path":"C:\\Users\\Sam\\Desktop\\HCIM Database\\frontend\\src\\assets\\Activity_Icons\\Venenatis_icon.png","statementMap":{},"fnMap":{},"branchMap":{},"s":{},"f":{},"b":{},"meta":{"lastBranch":0,"lastFunction":0,"lastStatement":0,"seen":{},"fnNames":{}}}
,"C:\\Users\\Sam\\Desktop\\HCIM Database\\frontend\\src\\assets\\Activity_Icons\\Vet'ion_icon.png": {"path":"C:\\Users\\Sam\\Desktop\\HCIM Database\\frontend\\src\\assets\\Activity_Icons\\Vet'ion_icon.png","statementMap":{},"fnMap":{},"branchMap":{},"s":{},"f":{},"b":{},"meta":{"lastBranch":0,"lastFunction":0,"lastStatement":0,"seen":{},"fnNames":{}}}
,"C:\\Users\\Sam\\Desktop\\HCIM Database\\frontend\\src\\assets\\Activity_Icons\\Vorkath_icon.png": {"path":"C:\\Users\\Sam\\Desktop\\HCIM Database\\frontend\\src\\assets\\Activity_Icons\\Vorkath_icon.png","statementMap":{},"fnMap":{},"branchMap":{},"s":{},"f":{},"b":{},"meta":{"lastBranch":0,"lastFunction":0,"lastStatement":0,"seen":{},"fnNames":{}}}
,"C:\\Users\\Sam\\Desktop\\HCIM Database\\frontend\\src\\assets\\Activity_Icons\\Wintertodt_icon.png": {"path":"C:\\Users\\Sam\\Desktop\\HCIM Database\\frontend\\src\\assets\\Activity_Icons\\Wintertodt_icon.png","statementMap":{},"fnMap":{},"branchMap":{},"s":{},"f":{},"b":{},"meta":{"lastBranch":0,"lastFunction":0,"lastStatement":0,"seen":{},"fnNames":{}}}
,"C:\\Users\\Sam\\Desktop\\HCIM Database\\frontend\\src\\assets\\Activity_Icons\\Yama_icon.png": {"path":"C:\\Users\\Sam\\Desktop\\HCIM Database\\frontend\\src\\assets\\Activity_Icons\\Yama_icon.png","statementMap":{},"fnMap":{},"branchMap":{},"s":{},"f":{},"b":{},"meta":{"lastBranch":0,"lastFunction":0,"lastStatement":0,"seen":{},"fnNames":{}}}
,"C:\\Users\\Sam\\Desktop\\HCIM Database\\frontend\\src\\assets\\Activity_Icons\\Zalcano_icon.png": {"path":"C:\\Users\\Sam\\Desktop\\HCIM Database\\frontend\\src\\assets\\Activity_Icons\\Zalcano_icon.png","statementMap":{},"fnMap":{},"branchMap":{},"s":{},"f":{},"b":{},"meta":{"lastBranch":0,"lastFunction":0,"lastStatement":0,"seen":{},"fnNames":{}}}
,"C:\\Users\\Sam\\Desktop\\HCIM Database\\frontend\\src\\assets\\Activity_Icons\\Zulrah_icon.png": {"path":"C:\\Users\\Sam\\Desktop\\HCIM Database\\frontend\\src\\assets\\Activity_Icons\\Zulrah_icon.png","statementMap":{},"fnMap":{},"branchMap":{},"s":{},"f":{},"b":{},"meta":{"lastBranch":0,"lastFunction":0,"lastStatement":0,"seen":{},"fnNames":{}}}
,"C:\\Users\\Sam\\Desktop\\HCIM Database\\frontend\\src\\assets\\Skill_Icons\\Agility_icon.png": {"path":"C:\\Users\\Sam\\Desktop\\HCIM Database\\frontend\\src\\assets\\Skill_Icons\\Agility_icon.png","statementMap":{},"fnMap":{},"branchMap":{},"s":{},"f":{},"b":{},"meta":{"lastBranch":0,"lastFunction":0,"lastStatement":0,"seen":{},"fnNames":{}}}
,"C:\\Users\\Sam\\Desktop\\HCIM Database\\frontend\\src\\assets\\Skill_Icons\\Attack_icon.png": {"path":"C:\\Users\\Sam\\Desktop\\HCIM Database\\frontend\\src\\assets\\Skill_Icons\\Attack_icon.png","statementMap":{},"fnMap":{},"branchMap":{},"s":{},"f":{},"b":{},"meta":{"lastBranch":0,"lastFunction":0,"lastStatement":0,"seen":{},"fnNames":{}}}
,"C:\\Users\\Sam\\Desktop\\HCIM Database\\frontend\\src\\assets\\Skill_Icons\\Construction_icon.png": {"path":"C:\\Users\\Sam\\Desktop\\HCIM Database\\frontend\\src\\assets\\Skill_Icons\\Construction_icon.png","statementMap":{},"fnMap":{},"branchMap":{},"s":{},"f":{},"b":{},"meta":{"lastBranch":0,"lastFunction":0,"lastStatement":0,"seen":{},"fnNames":{}}}
,"C:\\Users\\Sam\\Desktop\\HCIM Database\\frontend\\src\\assets\\Skill_Icons\\Cooking_icon.png": {"path":"C:\\Users\\Sam\\Desktop\\HCIM Database\\frontend\\src\\assets\\Skill_Icons\\Cooking_icon.png","statementMap":{},"fnMap":{},"branchMap":{},"s":{},"f":{},"b":{},"meta":{"lastBranch":0,"lastFunction":0,"lastStatement":0,"seen":{},"fnNames":{}}}
,"C:\\Users\\Sam\\Desktop\\HCIM Database\\frontend\\src\\assets\\Skill_Icons\\Crafting_icon.png": {"path":"C:\\Users\\Sam\\Desktop\\HCIM Database\\frontend\\src\\assets\\Skill_Icons\\Crafting_icon.png","statementMap":{},"fnMap":{},"branchMap":{},"s":{},"f":{},"b":{},"meta":{"lastBranch":0,"lastFunction":0,"lastStatement":0,"seen":{},"fnNames":{}}}
,"C:\\Users\\Sam\\Desktop\\HCIM Database\\frontend\\src\\assets\\Skill_Icons\\Defence_icon.png": {"path":"C:\\Users\\Sam\\Desktop\\HCIM Database\\frontend\\src\\assets\\Skill_Icons\\Defence_icon.png","statementMap":{},"fnMap":{},"branchMap":{},"s":{},"f":{},"b":{},"meta":{"lastBranch":0,"lastFunction":0,"lastStatement":0,"seen":{},"fnNames":{}}}
,"C:\\Users\\Sam\\Desktop\\HCIM Database\\frontend\\src\\assets\\Skill_Icons\\Farming_icon.png": {"path":"C:\\Users\\Sam\\Desktop\\HCIM Database\\frontend\\src\\assets\\Skill_Icons\\Farming_icon.png","statementMap":{},"fnMap":{},"branchMap":{},"s":{},"f":{},"b":{},"meta":{"lastBranch":0,"lastFunction":0,"lastStatement":0,"seen":{},"fnNames":{}}}
,"C:\\Users\\Sam\\Desktop\\HCIM Database\\frontend\\src\\assets\\Skill_Icons\\Firemaking_icon.png": {"path":"C:\\Users\\Sam\\Desktop\\HCIM Database\\frontend\\src\\assets\\Skill_Icons\\Firemaking_icon.png","statementMap":{},"fnMap":{},"branchMap":{},"s":{},"f":{},"b":{},"meta":{"lastBranch":0,"lastFunction":0,"lastStatement":0,"seen":{},"fnNames":{}}}
,"C:\\Users\\Sam\\Desktop\\HCIM Database\\frontend\\src\\assets\\Skill_Icons\\Fishing_icon.png": {"path":"C:\\Users\\Sam\\Desktop\\HCIM Database\\frontend\\src\\assets\\Skill_Icons\\Fishing_icon.png","statementMap":{},"fnMap":{},"branchMap":{},"s":{},"f":{},"b":{},"meta":{"lastBranch":0,"lastFunction":0,"lastStatement":0,"seen":{},"fnNames":{}}}
,"C:\\Users\\Sam\\Desktop\\HCIM Database\\frontend\\src\\assets\\Skill_Icons\\Fletching_icon.png": {"path":"C:\\Users\\Sam\\Desktop\\HCIM Database\\frontend\\src\\assets\\Skill_Icons\\Fletching_icon.png","statementMap":{},"fnMap":{},"branchMap":{},"s":{},"f":{},"b":{},"meta":{"lastBranch":0,"lastFunction":0,"lastStatement":0,"seen":{},"fnNames":{}}}
,"C:\\Users\\Sam\\Desktop\\HCIM Database\\frontend\\src\\assets\\Skill_Icons\\Herblore_icon.png": {"path":"C:\\Users\\Sam\\Desktop\\HCIM Database\\frontend\\src\\assets\\Skill_Icons\\Herblore_icon.png","statementMap":{},"fnMap":{},"branchMap":{},"s":{},"f":{},"b":{},"meta":{"lastBranch":0,"lastFunction":0,"lastStatement":0,"seen":{},"fnNames":{}}}
,"C:\\Users\\Sam\\Desktop\\HCIM Database\\frontend\\src\\assets\\Skill_Icons\\Hitpoints_icon.png": {"path":"C:\\Users\\Sam\\Desktop\\HCIM Database\\frontend\\src\\assets\\Skill_Icons\\Hitpoints_icon.png","statementMap":{},"fnMap":{},"branchMap":{},"s":{},"f":{},"b":{},"meta":{"lastBranch":0,"lastFunction":0,"lastStatement":0,"seen":{},"fnNames":{}}}
,"C:\\Users\\Sam\\Desktop\\HCIM Database\\frontend\\src\\assets\\Skill_Icons\\Hunter_icon.png": {"path":"C:\\Users\\Sam\\Desktop\\HCIM Database\\frontend\\src\\assets\\Skill_Icons\\Hunter_icon.png","statementMap":{},"fnMap":{},"branchMap":{},"s":{},"f":{},"b":{},"meta":{"lastBranch":0,"lastFunction":0,"lastStatement":0,"seen":{},"fnNames":{}}}
,"C:\\Users\\Sam\\Desktop\\HCIM Database\\frontend\\src\\assets\\Skill_Icons\\Magic_icon.png": {"path":"C:\\Users\\Sam\\Desktop\\HCIM Database\\frontend\\src\\assets\\Skill_Icons\\Magic_icon.png","statementMap":{},"fnMap":{},"branchMap":{},"s":{},"f":{},"b":{},"meta":{"lastBranch":0,"lastFunction":0,"lastStatement":0,"seen":{},"fnNames":{}}}
,"C:\\Users\\Sam\\Desktop\\HCIM Database\\frontend\\src\\assets\\Skill_Icons\\Mining_icon.png": {"path":"C:\\Users\\Sam\\Desktop\\HCIM Database\\frontend\\src\\assets\\Skill_Icons\\Mining_icon.png","statementMap":{},"fnMap":{},"branchMap":{},"s":{},"f":{},"b":{},"meta":{"lastBranch":0,"lastFunction":0,"lastStatement":0,"seen":{},"fnNames":{}}}
,"C:\\Users\\Sam\\Desktop\\HCIM Database\\frontend\\src\\assets\\Skill_Icons\\Overall_icon.png": {"path":"C:\\Users\\Sam\\Desktop\\HCIM Database\\frontend\\src\\assets\\Skill_Icons\\Overall_icon.png","statementMap":{},"fnMap":{},"branchMap":{},"s":{},"f":{},"b":{},"meta":{"lastBranch":0,"lastFunction":0,"lastStatement":0,"seen":{},"fnNames":{}}}
,"C:\\Users\\Sam\\Desktop\\HCIM Database\\frontend\\src\\assets\\Skill_Icons\\Prayer_icon.png": {"path":"C:\\Users\\Sam\\Desktop\\HCIM Database\\frontend\\src\\assets\\Skill_Icons\\Prayer_icon.png","statementMap":{},"fnMap":{},"branchMap":{},"s":{},"f":{},"b":{},"meta":{"lastBranch":0,"lastFunction":0,"lastStatement":0,"seen":{},"fnNames":{}}}
,"C:\\Users\\Sam\\Desktop\\HCIM Database\\frontend\\src\\assets\\Skill_Icons\\Ranged_icon.png": {"path":"C:\\Users\\Sam\\Desktop\\HCIM Database\\frontend\\src\\assets\\Skill_Icons\\Ranged_icon.png","statementMap":{},"fnMap":{},"branchMap":{},"s":{},"f":{},"b":{},"meta":{"lastBranch":0,"lastFunction":0,"lastStatement":0,"seen":{},"fnNames":{}}}
,"C:\\Users\\Sam\\Desktop\\HCIM Database\\frontend\\src\\assets\\Skill_Icons\\Runecraft_icon.png": {"path":"C:\\Users\\Sam\\Desktop\\HCIM Database\\frontend\\src\\assets\\Skill_Icons\\Runecraft_icon.png","statementMap":{},"fnMap":{},"branchMap":{},"s":{},"f":{},"b":{},"meta":{"lastBranch":0,"lastFunction":0,"lastStatement":0,"seen":{},"fnNames":{}}}
,"C:\\Users\\Sam\\Desktop\\HCIM Database\\frontend\\src\\assets\\Skill_Icons\\Sailing_icon.png": {"path":"C:\\Users\\Sam\\Desktop\\HCIM Database\\frontend\\src\\assets\\Skill_Icons\\Sailing_icon.png","statementMap":{},"fnMap":{},"branchMap":{},"s":{},"f":{},"b":{},"meta":{"lastBranch":0,"lastFunction":0,"lastStatement":0,"seen":{},"fnNames":{}}}
,"C:\\Users\\Sam\\Desktop\\HCIM Database\\frontend\\src\\assets\\Skill_Icons\\Slayer_icon.png": {"path":"C:\\Users\\Sam\\Desktop\\HCIM Database\\frontend\\src\\assets\\Skill_Icons\\Slayer_icon.png","statementMap":{},"fnMap":{},"branchMap":{},"s":{},"f":{},"b":{},"meta":{"lastBranch":0,"lastFunction":0,"lastStatement":0,"seen":{},"fnNames":{}}}
,"C:\\Users\\Sam\\Desktop\\HCIM Database\\frontend\\src\\assets\\Skill_Icons\\Smithing_icon.png": {"path":"C:\\Users\\Sam\\Desktop\\HCIM Database\\frontend\\src\\assets\\Skill_Icons\\Smithing_icon.png","statementMap":{},"fnMap":{},"branchMap":{},"s":{},"f":{},"b":{},"meta":{"lastBranch":0,"lastFunction":0,"lastStatement":0,"seen":{},"fnNames":{}}}
,"C:\\Users\\Sam\\Desktop\\HCIM Database\\frontend\\src\\assets\\Skill_Icons\\Strength_icon.png": {"path":"C:\\Users\\Sam\\Desktop\\HCIM Database\\frontend\\src\\assets\\Skill_Icons\\Strength_icon.png","statementMap":{},"fnMap":{},"branchMap":{},"s":{},"f":{},"b":{},"meta":{"lastBranch":0,"lastFunction":0,"lastStatement":0,"seen":{},"fnNames":{}}}
,"C:\\Users\\Sam\\Desktop\\HCIM Database\\frontend\\src\\assets\\Skill_Icons\\Thieving_icon.png": {"path":"C:\\Users\\Sam\\Desktop\\HCIM Database\\frontend\\src\\assets\\Skill_Icons\\Thieving_icon.png","statementMap":{},"fnMap":{},"branchMap":{},"s":{},"f":{},"b":{},"meta":{"lastBranch":0,"lastFunction":0,"lastStatement":0,"seen":{},"fnNames":{}}}
,"C:\\Users\\Sam\\Desktop\\HCIM Database\\frontend\\src\\assets\\Skill_Icons\\Woodcutting_icon.png": {"path":"C:\\Users\\Sam\\Desktop\\HCIM Database\\frontend\\src\\assets\\Skill_Icons\\Woodcutting_icon.png","statementMap":{},"fnMap":{},"branchMap":{},"s":{},"f":{},"b":{},"meta":{"lastBranch":0,"lastFunction":0,"lastStatement":0,"seen":{},"fnNames":{}}}
,"C:\\Users\\Sam\\Desktop\\HCIM Database\\frontend\\src\\components\\ActivityTile.tsx": {"path":"C:\\Users\\Sam\\Desktop\\HCIM Database\\frontend\\src\\components\\ActivityTile.tsx","statementMap":{"0":{"start":{"line":15,"column":2},"end":{"line":73,"column":null}}},"fnMap":{"0":{"name":"ActivityTile","decl":{"start":{"line":11,"column":9},"end":{"line":11,"column":22}},"loc":{"start":{"line":11,"column":55},"end":{"line":75,"column":null}},"line":11}},"branchMap":{"0":{"loc":{"start":{"line":39,"column":20},"end":{"line":39,"column":null}},"type":"cond-expr","locations":[{"start":{"line":39,"column":48},"end":{"line":39,"column":57}},{"start":{"line":39,"column":57},"end":{"line":39,"column":null}}],"line":39}},"s":{"0":5},"f":{"0":5},"b":{"0":[1,4]},"meta":{"lastBranch":1,"lastFunction":1,"lastStatement":1,"seen":{"f:11:9:11:22":0,"s:15:2:73:Infinity":0,"b:39:48:39:57:39:57:39:Infinity":0},"fnNames":{}}}
,"C:\\Users\\Sam\\Desktop\\HCIM Database\\frontend\\src\\components\\NavBar.tsx": {"path":"C:\\Users\\Sam\\Desktop\\HCIM Database\\frontend\\src\\components\\NavBar.tsx","statementMap":{"0":{"start":{"line":15,"column":15},"end":{"line":29,"column":null}},"1":{"start":{"line":15,"column":45},"end":{"line":29,"column":2}},"2":{"start":{"line":31,"column":26},"end":{"line":39,"column":null}},"3":{"start":{"line":31,"column":56},"end":{"line":39,"column":2}},"4":{"start":{"line":41,"column":24},"end":{"line":53,"column":null}},"5":{"start":{"line":41,"column":58},"end":{"line":53,"column":2}},"6":{"start":{"line":58,"column":2},"end":{"line":96,"column":null}},"7":{"start":{"line":91,"column":31},"end":{"line":91,"column":null}}},"fnMap":{"0":{"name":"(anonymous_0)","decl":{"start":{"line":15,"column":28},"end":{"line":15,"column":30}},"loc":{"start":{"line":15,"column":45},"end":{"line":29,"column":2}},"line":15},"1":{"name":"(anonymous_1)","decl":{"start":{"line":31,"column":39},"end":{"line":31,"column":41}},"loc":{"start":{"line":31,"column":56},"end":{"line":39,"column":2}},"line":31},"2":{"name":"(anonymous_2)","decl":{"start":{"line":41,"column":41},"end":{"line":41,"column":43}},"loc":{"start":{"line":41,"column":58},"end":{"line":53,"column":2}},"line":41},"3":{"name":"NavBar","decl":{"start":{"line":55,"column":24},"end":{"line":55,"column":31}},"loc":{"start":{"line":55,"column":77},"end":{"line":98,"column":null}},"line":55},"4":{"name":"(anonymous_4)","decl":{"start":{"line":91,"column":14},"end":{"line":91,"column":25}},"loc":{"start":{"line":91,"column":31},"end":{"line":91,"column":null}},"line":91}},"branchMap":{},"s":{"0":1,"1":4,"2":1,"3":4,"4":1,"5":4,"6":4,"7":1},"f":{"0":4,"1":4,"2":4,"3":4,"4":1},"b":{},"meta":{"lastBranch":0,"lastFunction":5,"lastStatement":8,"seen":{"s:15:15:29:Infinity":0,"f:15:28:15:30":0,"s:15:45:29:2":1,"s:31:26:39:Infinity":2,"f:31:39:31:41":1,"s:31:56:39:2":3,"s:41:24:53:Infinity":4,"f:41:41:41:43":2,"s:41:58:53:2":5,"f:55:24:55:31":3,"s:58:2:96:Infinity":6,"f:91:14:91:25":4,"s:91:31:91:Infinity":7},"fnNames":{}}}
,"C:\\Users\\Sam\\Desktop\\HCIM Database\\frontend\\src\\components\\PlayerCard.tsx": {"path":"C:\\Users\\Sam\\Desktop\\HCIM Database\\frontend\\src\\components\\PlayerCard.tsx","statementMap":{"0":{"start":{"line":22,"column":2},"end":{"line":98,"column":null}}},"fnMap":{"0":{"name":"PlayerCard","decl":{"start":{"line":20,"column":9},"end":{"line":20,"column":20}},"loc":{"start":{"line":20,"column":76},"end":{"line":99,"column":null}},"line":20}},"branchMap":{"0":{"loc":{"start":{"line":73,"column":19},"end":{"line":73,"column":null}},"type":"binary-expr","locations":[{"start":{"line":73,"column":19},"end":{"line":73,"column":39}},{"start":{"line":73,"column":39},"end":{"line":73,"column":null}}],"line":73},"1":{"loc":{"start":{"line":79,"column":7},"end":{"line":98,"column":null}},"type":"binary-expr","locations":[{"start":{"line":79,"column":7},"end":{"line":79,"column":null}},{"start":{"line":80,"column":8},"end":{"line":98,"column":null}}],"line":79}},"s":{"0":37},"f":{"0":37},"b":{"0":[37,1],"1":[37,5]},"meta":{"lastBranch":2,"lastFunction":1,"lastStatement":1,"seen":{"f:20:9:20:20":0,"s:22:2:98:Infinity":0,"b:73:19:73:39:73:39:73:Infinity":0,"b:79:7:79:Infinity:80:8:98:Infinity":1},"fnNames":{}}}
,"C:\\Users\\Sam\\Desktop\\HCIM Database\\frontend\\src\\components\\PlayerDialog.tsx": {"path":"C:\\Users\\Sam\\Desktop\\HCIM Database\\frontend\\src\\components\\PlayerDialog.tsx","statementMap":{"0":{"start":{"line":27,"column":18},"end":{"line":27,"column":null}},"1":{"start":{"line":27,"column":48},"end":{"line":27,"column":62}},"2":{"start":{"line":29,"column":17},"end":{"line":29,"column":null}},"3":{"start":{"line":29,"column":49},"end":{"line":29,"column":63}},"4":{"start":{"line":31,"column":2},"end":{"line":250,"column":null}},"5":{"start":{"line":134,"column":14},"end":{"line":137,"column":null}},"6":{"start":{"line":183,"column":14},"end":{"line":186,"column":null}},"7":{"start":{"line":202,"column":12},"end":{"line":221,"column":null}},"8":{"start":{"line":225,"column":12},"end":{"line":244,"column":null}}},"fnMap":{"0":{"name":"PlayerDialog","decl":{"start":{"line":20,"column":9},"end":{"line":20,"column":22}},"loc":{"start":{"line":25,"column":22},"end":{"line":252,"column":null}},"line":25},"1":{"name":"(anonymous_1)","decl":{"start":{"line":27,"column":32},"end":{"line":27,"column":38}},"loc":{"start":{"line":27,"column":48},"end":{"line":27,"column":62}},"line":27},"2":{"name":"(anonymous_2)","decl":{"start":{"line":29,"column":31},"end":{"line":29,"column":39}},"loc":{"start":{"line":29,"column":49},"end":{"line":29,"column":63}},"line":29},"3":{"name":"(anonymous_3)","decl":{"start":{"line":133,"column":20},"end":{"line":133,"column":25}},"loc":{"start":{"line":134,"column":14},"end":{"line":137,"column":null}},"line":134},"4":{"name":"(anonymous_4)","decl":{"start":{"line":182,"column":31},"end":{"line":182,"column":36}},"loc":{"start":{"line":183,"column":14},"end":{"line":186,"column":null}},"line":183},"5":{"name":"(anonymous_5)","decl":{"start":{"line":201,"column":26},"end":{"line":201,"column":31}},"loc":{"start":{"line":202,"column":12},"end":{"line":221,"column":null}},"line":202},"6":{"name":"(anonymous_6)","decl":{"start":{"line":224,"column":30},"end":{"line":224,"column":35}},"loc":{"start":{"line":225,"column":12},"end":{"line":244,"column":null}},"line":225}},"branchMap":{"0":{"loc":{"start":{"line":143,"column":9},"end":{"line":148,"column":null}},"type":"binary-expr","locations":[{"start":{"line":143,"column":9},"end":{"line":143,"column":null}},{"start":{"line":144,"column":10},"end":{"line":148,"column":null}}],"line":143},"1":{"loc":{"start":{"line":199,"column":9},"end":{"line":246,"column":null}},"type":"binary-expr","locations":[{"start":{"line":199,"column":9},"end":{"line":199,"column":null}},{"start":{"line":200,"column":10},"end":{"line":246,"column":null}}],"line":199}},"s":{"0":16,"1":3,"2":16,"3":4,"4":16,"5":2,"6":1,"7":4,"8":3},"f":{"0":16,"1":3,"2":4,"3":2,"4":1,"5":4,"6":3},"b":{"0":[16,2],"1":[16,4]},"meta":{"lastBranch":2,"lastFunction":7,"lastStatement":9,"seen":{"f:20:9:20:22":0,"s:27:18:27:Infinity":0,"f:27:32:27:38":1,"s:27:48:27:62":1,"s:29:17:29:Infinity":2,"f:29:31:29:39":2,"s:29:49:29:63":3,"s:31:2:250:Infinity":4,"f:133:20:133:25":3,"s:134:14:137:Infinity":5,"b:143:9:143:Infinity:144:10:148:Infinity":0,"f:182:31:182:36":4,"s:183:14:186:Infinity":6,"b:199:9:199:Infinity:200:10:246:Infinity":1,"f:201:26:201:31":5,"s:202:12:221:Infinity":7,"f:224:30:224:35":6,"s:225:12:244:Infinity":8},"fnNames":{}}}
,"C:\\Users\\Sam\\Desktop\\HCIM Database\\frontend\\src\\components\\SkillTile.tsx": {"path":"C:\\Users\\Sam\\Desktop\\HCIM Database\\frontend\\src\\components\\SkillTile.tsx","statementMap":{"0":{"start":{"line":15,"column":2},"end":{"line":102,"column":null}}},"fnMap":{"0":{"name":"SkillTile","decl":{"start":{"line":11,"column":9},"end":{"line":11,"column":19}},"loc":{"start":{"line":11,"column":46},"end":{"line":104,"column":null}},"line":11}},"branchMap":{"0":{"loc":{"start":{"line":100,"column":9},"end":{"line":100,"column":null}},"type":"cond-expr","locations":[{"start":{"line":100,"column":36},"end":{"line":100,"column":43}},{"start":{"line":100,"column":43},"end":{"line":100,"column":null}}],"line":100}},"s":{"0":8},"f":{"0":8},"b":{"0":[3,5]},"meta":{"lastBranch":1,"lastFunction":1,"lastStatement":1,"seen":{"f:11:9:11:19":0,"s:15:2:102:Infinity":0,"b:100:36:100:43:100:43:100:Infinity":0},"fnNames":{}}}
,"C:\\Users\\Sam\\Desktop\\HCIM Database\\frontend\\src\\pages\\Home.tsx": {"path":"C:\\Users\\Sam\\Desktop\\HCIM Database\\frontend\\src\\pages\\Home.tsx","statementMap":{"0":{"start":{"line":20,"column":32},"end":{"line":20,"column":null}},"1":{"start":{"line":21,"column":46},"end":{"line":21,"column":null}},"2":{"start":{"line":22,"column":32},"end":{"line":22,"column":null}},"3":{"start":{"line":23,"column":38},"end":{"line":23,"column":null}},"4":{"start":{"line":24,"column":32},"end":{"line":24,"column":null}},"5":{"start":{"line":25,"column":46},"end":{"line":25,"column":null}},"6":{"start":{"line":27,"column":2},"end":{"line":31,"column":null}},"7":{"start":{"line":28,"column":4},"end":{"line":30,"column":null}},"8":{"start":{"line":29,"column":22},"end":{"line":29,"column":38}},"9":{"start":{"line":30,"column":21},"end":{"line":30,"column":38}},"10":{"start":{"line":33,"column":26},"end":{"line":35,"column":null}},"11":{"start":{"line":34,"column":16},"end":{"line":34,"column":null}},"12":{"start":{"line":37,"column":4},"end":{"line":56,"column":null}},"13":{"start":{"line":38,"column":4},"end":{"line":54,"column":null}},"14":{"start":{"line":58,"column":2},"end":{"line":94,"column":null}},"15":{"start":{"line":65,"column":25},"end":{"line":65,"column":null}},"16":{"start":{"line":71,"column":10},"end":{"line":91,"column":null}},"17":{"start":{"line":80,"column":16},"end":{"line":80,"column":null}},"18":{"start":{"line":81,"column":16},"end":{"line":87,"column":null}},"19":{"start":{"line":83,"column":20},"end":{"line":83,"column":null}},"20":{"start":{"line":84,"column":20},"end":{"line":84,"column":null}},"21":{"start":{"line":85,"column":20},"end":{"line":85,"column":null}},"22":{"start":{"line":87,"column":35},"end":{"line":87,"column":58}}},"fnMap":{"0":{"name":"Home","decl":{"start":{"line":16,"column":9},"end":{"line":16,"column":14}},"loc":{"start":{"line":16,"column":41},"end":{"line":96,"column":null}},"line":16},"1":{"name":"(anonymous_1)","decl":{"start":{"line":27,"column":2},"end":{"line":27,"column":18}},"loc":{"start":{"line":27,"column":18},"end":{"line":31,"column":5}},"line":27},"2":{"name":"(anonymous_2)","decl":{"start":{"line":29,"column":7},"end":{"line":29,"column":13}},"loc":{"start":{"line":29,"column":22},"end":{"line":29,"column":38}},"line":29},"3":{"name":"(anonymous_3)","decl":{"start":{"line":30,"column":7},"end":{"line":30,"column":21}},"loc":{"start":{"line":30,"column":21},"end":{"line":30,"column":38}},"line":30},"4":{"name":"(anonymous_4)","decl":{"start":{"line":33,"column":34},"end":{"line":33,"column":null}},"loc":{"start":{"line":34,"column":16},"end":{"line":34,"column":null}},"line":34},"5":{"name":"(anonymous_5)","decl":{"start":{"line":65,"column":10},"end":{"line":65,"column":25}},"loc":{"start":{"line":65,"column":25},"end":{"line":65,"column":null}},"line":65},"6":{"name":"(anonymous_6)","decl":{"start":{"line":70,"column":25},"end":{"line":70,"column":30}},"loc":{"start":{"line":71,"column":10},"end":{"line":91,"column":null}},"line":71},"7":{"name":"(anonymous_7)","decl":{"start":{"line":79,"column":14},"end":{"line":79,"column":29}},"loc":{"start":{"line":79,"column":29},"end":{"line":89,"column":null}},"line":79},"8":{"name":"(anonymous_8)","decl":{"start":{"line":82,"column":19},"end":{"line":82,"column":25}},"loc":{"start":{"line":82,"column":34},"end":{"line":86,"column":19}},"line":82},"9":{"name":"(anonymous_9)","decl":{"start":{"line":87,"column":19},"end":{"line":87,"column":33}},"loc":{"start":{"line":87,"column":33},"end":{"line":87,"column":59}},"line":87}},"branchMap":{"0":{"loc":{"start":{"line":37,"column":4},"end":{"line":56,"column":null}},"type":"if","locations":[{"start":{"line":37,"column":4},"end":{"line":56,"column":null}},{"start":{},"end":{}}],"line":37},"1":{"loc":{"start":{"line":60,"column":7},"end":{"line":69,"column":7}},"type":"binary-expr","locations":[{"start":{"line":60,"column":7},"end":{"line":60,"column":null}},{"start":{"line":61,"column":8},"end":{"line":69,"column":7}}],"line":60}},"s":{"0":23,"1":23,"2":23,"3":23,"4":23,"5":23,"6":23,"7":7,"8":7,"9":7,"10":23,"11":32,"12":23,"13":7,"14":16,"15":1,"16":31,"17":4,"18":4,"19":4,"20":4,"21":4,"22":4},"f":{"0":23,"1":7,"2":7,"3":7,"4":32,"5":1,"6":31,"7":4,"8":4,"9":4},"b":{"0":[7,16],"1":[16,5]},"meta":{"lastBranch":2,"lastFunction":10,"lastStatement":23,"seen":{"f:16:9:16:14":0,"s:20:32:20:Infinity":0,"s:21:46:21:Infinity":1,"s:22:32:22:Infinity":2,"s:23:38:23:Infinity":3,"s:24:32:24:Infinity":4,"s:25:46:25:Infinity":5,"s:27:2:31:Infinity":6,"f:27:2:27:18":1,"s:28:4:30:Infinity":7,"f:29:7:29:13":2,"s:29:22:29:38":8,"f:30:7:30:21":3,"s:30:21:30:38":9,"s:33:26:35:Infinity":10,"f:33:34:33:Infinity":4,"s:34:16:34:Infinity":11,"b:37:4:56:Infinity:undefined:undefined:undefined:undefined":0,"s:37:4:56:Infinity":12,"s:38:4:54:Infinity":13,"s:58:2:94:Infinity":14,"b:60:7:60:Infinity:61:8:69:7":1,"f:65:10:65:25":5,"s:65:25:65:Infinity":15,"f:70:25:70:30":6,"s:71:10:91:Infinity":16,"f:79:14:79:29":7,"s:80:16:80:Infinity":17,"s:81:16:87:Infinity":18,"f:82:19:82:25":8,"s:83:20:83:Infinity":19,"s:84:20:84:Infinity":20,"s:85:20:85:Infinity":21,"f:87:19:87:33":9,"s:87:35:87:58":22},"fnNames":{}}}
,"C:\\Users\\Sam\\Desktop\\HCIM Database\\frontend\\src\\services\\api.ts": {"path":"C:\\Users\\Sam\\Desktop\\HCIM Database\\frontend\\src\\services\\api.ts","statementMap":{"0":{"start":{"line":1,"column":16},"end":{"line":1,"column":null}},"1":{"start":{"line":4,"column":2},"end":{"line":5,"column":null}},"2":{"start":{"line":5,"column":24},"end":{"line":5,"column":39}},"3":{"start":{"line":9,"column":2},"end":{"line":12,"column":null}},"4":{"start":{"line":12,"column":23},"end":{"line":12,"column":38}}},"fnMap":{"0":{"name":"getPlayers","decl":{"start":{"line":3,"column":16},"end":{"line":3,"column":29}},"loc":{"start":{"line":3,"column":29},"end":{"line":6,"column":null}},"line":3},"1":{"name":"(anonymous_1)","decl":{"start":{"line":5,"column":5},"end":{"line":5,"column":11}},"loc":{"start":{"line":5,"column":24},"end":{"line":5,"column":39}},"line":5},"2":{"name":"updatePlayer","decl":{"start":{"line":8,"column":16},"end":{"line":8,"column":29}},"loc":{"start":{"line":8,"column":49},"end":{"line":13,"column":null}},"line":8},"3":{"name":"(anonymous_3)","decl":{"start":{"line":12,"column":4},"end":{"line":12,"column":10}},"loc":{"start":{"line":12,"column":23},"end":{"line":12,"column":38}},"line":12}},"branchMap":{},"s":{"0":1,"1":1,"2":1,"3":2,"4":2},"f":{"0":1,"1":1,"2":2,"3":2},"b":{},"meta":{"lastBranch":0,"lastFunction":4,"lastStatement":5,"seen":{"s:1:16:1:Infinity":0,"f:3:16:3:29":0,"s:4:2:5:Infinity":1,"f:5:5:5:11":1,"s:5:24:5:39":2,"f:8:16:8:29":2,"s:9:2:12:Infinity":3,"f:12:4:12:10":3,"s:12:23:12:38":4},"fnNames":{}}}
}
